2020-09-17 11:12:52,114 [Worker-3: Loading available Gradle versions] INFO  o.e.b.c.i.u.g.PublishedGradleVersions - Gradle version information cache is up-to-date. Trying to read.
2020-09-20 17:26:14,256 [Worker-1: Loading available Gradle versions] INFO  o.e.b.c.i.u.g.PublishedGradleVersions - Gradle version information cache is out-of-date. Trying to update.
2020-09-20 17:35:58,538 [Worker-3: Loading available Gradle versions] INFO  o.e.b.c.i.u.g.PublishedGradleVersions - Gradle version information cache is up-to-date. Trying to read.
2020-09-20 18:42:03,395 [main] INFO  org.eclipse.jetty.util.log - Logging initialized @3989684ms to org.eclipse.jetty.util.log.Slf4jLog
2020-09-20 18:42:03,586 [main] INFO  org.eclipse.jetty.server.Server - jetty-9.4.31.v20200723; built: 2020-08-03T13:24:06.825Z; git: 450ba27947e13e66baa8cd1ce7e85a4461cacc1d; jvm 15+36-1562
2020-09-20 18:42:03,601 [main] INFO  org.eclipse.jetty.server.session - DefaultSessionIdManager workerName=node0
2020-09-20 18:42:03,601 [main] INFO  org.eclipse.jetty.server.session - No SessionScavenger set, using defaults
2020-09-20 18:42:03,602 [main] INFO  org.eclipse.jetty.server.session - node0 Scavenging every 660000ms
2020-09-20 18:42:03,627 [main] INFO  o.e.j.server.handler.ContextHandler - Started o.e.j.s.ServletContextHandler@21dd279f{/wse,null,AVAILABLE}
2020-09-20 18:42:03,645 [main] INFO  o.e.jetty.server.AbstractConnector - Started ServerConnector@70219b11{HTTP/1.1, (http/1.1)}{0.0.0.0:62173}
2020-09-20 18:42:03,645 [main] INFO  org.eclipse.jetty.server.Server - Started @3989936ms
2020-09-20 18:42:03,645 [main] INFO  org.eclipse.jetty.server.session - node0 Scavenging every 660000ms
2020-09-20 21:13:29,202 [Framework stop - Equinox Container: 202aed19-4e1f-45dd-90af-71a9869c88d9] INFO  o.e.jetty.server.AbstractConnector - Stopped ServerConnector@70219b11{HTTP/1.1, (http/1.1)}{0.0.0.0:0}
2020-09-20 21:13:29,203 [Framework stop - Equinox Container: 202aed19-4e1f-45dd-90af-71a9869c88d9] INFO  org.eclipse.jetty.server.session - node0 Stopped scavenging
2020-09-20 21:13:29,234 [Framework stop - Equinox Container: 202aed19-4e1f-45dd-90af-71a9869c88d9] INFO  o.e.j.server.handler.ContextHandler - Stopped o.e.j.s.ServletContextHandler@21dd279f{/wse,null,UNAVAILABLE}
2020-09-21 20:23:51,861 [Worker-3: Loading available Gradle versions] INFO  o.e.b.c.i.u.g.PublishedGradleVersions - Gradle version information cache is out-of-date. Trying to update.
2020-09-28 15:02:27,621 [Worker-1: Loading available Gradle versions] INFO  o.e.b.c.i.u.g.PublishedGradleVersions - Gradle version information cache is out-of-date. Trying to update.
2020-10-05 23:43:15,532 [Worker-2: Loading available Gradle versions] INFO  o.e.b.c.i.u.g.PublishedGradleVersions - Gradle version information cache is not available. Remote download required.
2020-10-05 23:56:04,406 [Worker-4: Loading available Gradle versions] INFO  o.e.b.c.i.u.g.PublishedGradleVersions - Gradle version information cache is up-to-date. Trying to read.
2020-10-05 23:58:51,701 [Worker-3: Loading available Gradle versions] INFO  o.e.b.c.i.u.g.PublishedGradleVersions - Gradle version information cache is up-to-date. Trying to read.
2020-10-06 00:07:46,236 [Worker-4: Loading available Gradle versions] INFO  o.e.b.c.i.u.g.PublishedGradleVersions - Gradle version information cache is up-to-date. Trying to read.
2020-10-06 00:20:40,096 [Worker-1: Loading available Gradle versions] INFO  o.e.b.c.i.u.g.PublishedGradleVersions - Gradle version information cache is up-to-date. Trying to read.
2020-10-06 00:44:54,537 [Worker-1: Loading available Gradle versions] INFO  o.e.b.c.i.u.g.PublishedGradleVersions - Gradle version information cache is up-to-date. Trying to read.
2020-10-06 00:48:29,486 [Worker-1: Loading available Gradle versions] INFO  o.e.b.c.i.u.g.PublishedGradleVersions - Gradle version information cache is up-to-date. Trying to read.
2020-10-06 09:41:52,155 [Worker-1: Loading available Gradle versions] INFO  o.e.b.c.i.u.g.PublishedGradleVersions - Gradle version information cache is up-to-date. Trying to read.
